2026-07-17T01:04:55.4525723Z Current runner version: '2.335.1'
2026-07-17T01:04:55.4555300Z ##[group]Runner Image Provisioner
2026-07-17T01:04:55.4556336Z Hosted Compute Agent
2026-07-17T01:04:55.4557113Z Version: 20260707.563
2026-07-17T01:04:55.4557873Z Commit: 02667638d2b423fbc733a8e32a88b44996a3ba6e
2026-07-17T01:04:55.4559125Z Build Date: 2026-07-07T19:33:50Z
2026-07-17T01:04:55.4560020Z Worker ID: {4c4a0070-ca36-4571-ae2e-d83a3b716bbc}
2026-07-17T01:04:55.4560910Z Azure Region: westus3
2026-07-17T01:04:55.4561561Z ##[endgroup]
2026-07-17T01:04:55.4563449Z ##[group]Operating System
2026-07-17T01:04:55.4564209Z Ubuntu
2026-07-17T01:04:55.4564894Z 24.04.4
2026-07-17T01:04:55.4565547Z LTS
2026-07-17T01:04:55.4566138Z ##[endgroup]
2026-07-17T01:04:55.4566857Z ##[group]Runner Image
2026-07-17T01:04:55.4567550Z Image: ubuntu-24.04
2026-07-17T01:04:55.4568393Z Version: 20260714.240.1
2026-07-17T01:04:55.4570060Z Included Software: https://github.com/actions/runner-images/blob/ubuntu24/20260714.240/images/ubuntu/Ubuntu2404-Readme.md
2026-07-17T01:04:55.4572080Z Image Release: https://github.com/actions/runner-images/releases/tag/ubuntu24%2F20260714.240
2026-07-17T01:04:55.4573281Z ##[endgroup]
2026-07-17T01:04:55.4574821Z ##[group]GITHUB_TOKEN Permissions
2026-07-17T01:04:55.4576943Z Contents: read
2026-07-17T01:04:55.4577640Z Metadata: read
2026-07-17T01:04:55.4578818Z Packages: read
2026-07-17T01:04:55.4579486Z ##[endgroup]
2026-07-17T01:04:55.4582277Z Secret source: Actions
2026-07-17T01:04:55.4583301Z Prepare workflow directory
2026-07-17T01:04:55.5198622Z Prepare all required actions
2026-07-17T01:04:55.5242786Z Getting action download info
2026-07-17T01:04:55.8591759Z Download action repository 'actions/checkout@v4' (SHA:34e114876b0b11c390a56381ad16ebd13914f8d5)
2026-07-17T01:04:56.0037675Z Download action repository 'dtolnay/rust-toolchain@stable' (SHA:4cda84d5c5c54efe2404f9d843567869ab1699d4)
2026-07-17T01:04:56.2371744Z Download action repository 'Swatinem/rust-cache@v2' (SHA:e18b497796c12c097a38f9edb9d0641fb99eee32)
2026-07-17T01:04:57.3414606Z Complete job name: fmt + clippy
2026-07-17T01:04:57.4011881Z Node 20 is being deprecated. This workflow is running with Node 24 by default. If you need to temporarily use Node 20, you can set the ACTIONS_ALLOW_USE_UNSECURE_NODE_VERSION=true environment variable. For more information see: https://github.blog/changelog/2025-09-19-deprecation-of-node-20-on-github-actions-runners/
2026-07-17T01:04:57.4019180Z ##[group]Run actions/checkout@v4
2026-07-17T01:04:57.4019772Z with:
2026-07-17T01:04:57.4020158Z   repository: Excurs1ons/PrismaRev
2026-07-17T01:04:57.4023313Z   token: ***
2026-07-17T01:04:57.4023687Z   ssh-strict: true
2026-07-17T01:04:57.4024053Z   ssh-user: git
2026-07-17T01:04:57.4024423Z   persist-credentials: true
2026-07-17T01:04:57.4024832Z   clean: true
2026-07-17T01:04:57.4025203Z   sparse-checkout-cone-mode: true
2026-07-17T01:04:57.4025637Z   fetch-depth: 1
2026-07-17T01:04:57.4026022Z   fetch-tags: false
2026-07-17T01:04:57.4026406Z   show-progress: true
2026-07-17T01:04:57.4026826Z   lfs: false
2026-07-17T01:04:57.4027226Z   submodules: false
2026-07-17T01:04:57.4027606Z   set-safe-directory: true
2026-07-17T01:04:57.4028253Z env:
2026-07-17T01:04:57.4028611Z   CARGO_TERM_COLOR: always
2026-07-17T01:04:57.4029022Z   RUST_BACKTRACE: 1
2026-07-17T01:04:57.4029385Z   CACHE_VERSION: v1
2026-07-17T01:04:57.4029741Z ##[endgroup]
2026-07-17T01:04:57.5132027Z Syncing repository: Excurs1ons/PrismaRev
2026-07-17T01:04:57.5134944Z ##[group]Getting Git version info
2026-07-17T01:04:57.5136639Z Working directory is '/home/runner/work/PrismaRev/PrismaRev'
2026-07-17T01:04:57.5138909Z [command]/usr/bin/git version
2026-07-17T01:04:57.5381356Z git version 2.54.0
2026-07-17T01:04:57.5471491Z ##[endgroup]
2026-07-17T01:04:57.5478419Z Temporarily overriding HOME='/home/runner/work/_temp/18849c8c-b350-447e-af83-9d1c9b5d3a5d' before making global git config changes
2026-07-17T01:04:57.5479971Z Adding repository directory to the temporary git global config as a safe directory
2026-07-17T01:04:57.5481352Z [command]/usr/bin/git config --global --add safe.directory /home/runner/work/PrismaRev/PrismaRev
2026-07-17T01:04:57.5490166Z Deleting the contents of '/home/runner/work/PrismaRev/PrismaRev'
2026-07-17T01:04:57.5492191Z ##[group]Initializing the repository
2026-07-17T01:04:57.5493423Z [command]/usr/bin/git init /home/runner/work/PrismaRev/PrismaRev
2026-07-17T01:04:57.6459795Z hint: Using 'master' as the name for the initial branch. This default branch name
2026-07-17T01:04:57.6464369Z hint: will change to "main" in Git 3.0. To configure the initial branch name
2026-07-17T01:04:57.6467835Z hint: to use in all of your new repositories, which will suppress this warning,
2026-07-17T01:04:57.6470022Z hint: call:
2026-07-17T01:04:57.6470866Z hint:
2026-07-17T01:04:57.6472087Z hint: 	git config --global init.defaultBranch <name>
2026-07-17T01:04:57.6473220Z hint:
2026-07-17T01:04:57.6474352Z hint: Names commonly chosen instead of 'master' are 'main', 'trunk' and
2026-07-17T01:04:57.6475912Z hint: 'development'. The just-created branch can be renamed via this command:
2026-07-17T01:04:57.6479899Z hint:
2026-07-17T01:04:57.6480805Z hint: 	git branch -m <name>
2026-07-17T01:04:57.6481783Z hint:
2026-07-17T01:04:57.6482858Z hint: Disable this message with "git config set advice.defaultBranchName false"
2026-07-17T01:04:57.6484518Z Initialized empty Git repository in /home/runner/work/PrismaRev/PrismaRev/.git/
2026-07-17T01:04:57.6487742Z [command]/usr/bin/git remote add origin https://github.com/Excurs1ons/PrismaRev
2026-07-17T01:04:57.6491061Z ##[endgroup]
2026-07-17T01:04:57.6492329Z ##[group]Disabling automatic garbage collection
2026-07-17T01:04:57.6493449Z [command]/usr/bin/git config --local gc.auto 0
2026-07-17T01:04:57.6495912Z ##[endgroup]
2026-07-17T01:04:57.6499860Z ##[group]Setting up auth
2026-07-17T01:04:57.6505928Z [command]/usr/bin/git config --local --name-only --get-regexp core\.sshCommand
2026-07-17T01:04:57.6510791Z [command]/usr/bin/git submodule foreach --recursive sh -c "git config --local --name-only --get-regexp 'core\.sshCommand' && git config --local --unset-all 'core.sshCommand' || :"
2026-07-17T01:04:57.6516561Z [command]/usr/bin/git config --local --name-only --get-regexp http\.https\:\/\/github\.com\/\.extraheader
2026-07-17T01:04:57.6521056Z [command]/usr/bin/git submodule foreach --recursive sh -c "git config --local --name-only --get-regexp 'http\.https\:\/\/github\.com\/\.extraheader' && git config --local --unset-all 'http.https://github.com/.extraheader' || :"
2026-07-17T01:04:57.6659601Z [command]/usr/bin/git config --local --name-only --get-regexp ^includeIf\.gitdir:
2026-07-17T01:04:57.6685692Z [command]/usr/bin/git submodule foreach --recursive git config --local --show-origin --name-only --get-regexp remote.origin.url
2026-07-17T01:04:57.6892979Z [command]/usr/bin/git config --local http.https://github.com/.extraheader AUTHORIZATION: basic ***
2026-07-17T01:04:57.6929879Z ##[endgroup]
2026-07-17T01:04:57.6931442Z ##[group]Fetching the repository
2026-07-17T01:04:57.6940137Z [command]/usr/bin/git -c protocol.version=2 fetch --no-tags --prune --no-recurse-submodules --depth=1 origin +2057d6e1c5e69073b09e7eae3709b4549a5eea43:refs/remotes/origin/master
2026-07-17T01:04:59.0147685Z From https://github.com/Excurs1ons/PrismaRev
2026-07-17T01:04:59.0149356Z  * [new ref]         2057d6e1c5e69073b09e7eae3709b4549a5eea43 -> origin/master
2026-07-17T01:04:59.0167211Z ##[endgroup]
2026-07-17T01:04:59.0167990Z ##[group]Determining the checkout info
2026-07-17T01:04:59.0170310Z ##[endgroup]
2026-07-17T01:04:59.0177566Z [command]/usr/bin/git sparse-checkout disable
2026-07-17T01:04:59.0217426Z [command]/usr/bin/git config --local --unset-all extensions.worktreeConfig
2026-07-17T01:04:59.0245154Z ##[group]Checking out the ref
2026-07-17T01:04:59.0249646Z [command]/usr/bin/git checkout --progress --force -B master refs/remotes/origin/master
2026-07-17T01:04:59.0784347Z Reset branch 'master'
2026-07-17T01:04:59.0786407Z branch 'master' set up to track 'origin/master'.
2026-07-17T01:04:59.0788392Z ##[endgroup]
2026-07-17T01:04:59.0841517Z [command]/usr/bin/git log -1 --format=%H
2026-07-17T01:04:59.0867574Z 2057d6e1c5e69073b09e7eae3709b4549a5eea43
2026-07-17T01:04:59.1146093Z ##[group]Run dtolnay/rust-toolchain@stable
2026-07-17T01:04:59.1146428Z with:
2026-07-17T01:04:59.1146643Z   components: rustfmt, clippy
2026-07-17T01:04:59.1146887Z   toolchain: stable
2026-07-17T01:04:59.1147090Z env:
2026-07-17T01:04:59.1147286Z   CARGO_TERM_COLOR: always
2026-07-17T01:04:59.1147513Z   RUST_BACKTRACE: 1
2026-07-17T01:04:59.1147722Z   CACHE_VERSION: v1
2026-07-17T01:04:59.1147924Z ##[endgroup]
2026-07-17T01:04:59.1312285Z ##[group]Run : parse toolchain version
2026-07-17T01:04:59.1312674Z [36;1m: parse toolchain version[0m
2026-07-17T01:04:59.1312953Z [36;1mif [[ -z $toolchain ]]; then[0m
2026-07-17T01:04:59.1313458Z [36;1m  # GitHub does not enforce `required: true` inputs itself. https://github.com/actions/runner/issues/1070[0m
2026-07-17T01:04:59.1313965Z [36;1m  echo "'toolchain' is a required input" >&2[0m
2026-07-17T01:04:59.1314273Z [36;1m  exit 1[0m
2026-07-17T01:04:59.1314661Z [36;1melif [[ $toolchain =~ ^stable' '[0-9]+' '(year|month|week|day)s?' 'ago$ ]]; then[0m
2026-07-17T01:04:59.1315066Z [36;1m  if [[ Linux == macOS ]]; then[0m
2026-07-17T01:04:59.1315528Z [36;1m    echo "toolchain=1.$((($(date -v-$(sed 's/stable \([0-9]*\) \(.\).*/\1\2/' <<< $toolchain) +%s)/60/60/24-16569)/7/6))" >> $GITHUB_OUTPUT[0m
2026-07-17T01:04:59.1315962Z [36;1m  else[0m
2026-07-17T01:04:59.1316331Z [36;1m    echo "toolchain=1.$((($(date --date "${toolchain#stable }" +%s)/60/60/24-16569)/7/6))" >> $GITHUB_OUTPUT[0m
2026-07-17T01:04:59.1316725Z [36;1m  fi[0m
2026-07-17T01:04:59.1317013Z [36;1melif [[ $toolchain =~ ^stable' 'minus' '[0-9]+' 'releases?$ ]]; then[0m
2026-07-17T01:04:59.1317474Z [36;1m  echo "toolchain=1.$((($(date +%s)/60/60/24-16569)/7/6-${toolchain//[^0-9]/}))" >> $GITHUB_OUTPUT[0m
2026-07-17T01:04:59.1317876Z [36;1melif [[ $toolchain =~ ^1\.[0-9]+$ ]]; then[0m
2026-07-17T01:04:59.1318566Z [36;1m  echo "toolchain=1.$((i=${toolchain#1.}, c=($(date +%s)/60/60/24-16569)/7/6, i+9*i*(10*i<=c)+90*i*(100*i<=c)))" >> $GITHUB_OUTPUT[0m
2026-07-17T01:04:59.1319008Z [36;1melse[0m
2026-07-17T01:04:59.1319250Z [36;1m  echo "toolchain=$toolchain" >> $GITHUB_OUTPUT[0m
2026-07-17T01:04:59.1319530Z [36;1mfi[0m
2026-07-17T01:04:59.1393768Z shell: /usr/bin/bash --noprofile --norc -e -o pipefail {0}
2026-07-17T01:04:59.1394114Z env:
2026-07-17T01:04:59.1394328Z   CARGO_TERM_COLOR: always
2026-07-17T01:04:59.1394566Z   RUST_BACKTRACE: 1
2026-07-17T01:04:59.1394778Z   CACHE_VERSION: v1
2026-07-17T01:04:59.1394987Z   toolchain: stable
2026-07-17T01:04:59.1395191Z ##[endgroup]
2026-07-17T01:04:59.1554742Z ##[group]Run : construct rustup command line
2026-07-17T01:04:59.1555075Z [36;1m: construct rustup command line[0m
2026-07-17T01:04:59.1555497Z [36;1mecho "targets=$(for t in ${targets//,/ }; do echo -n ' --target' $t; done)" >> $GITHUB_OUTPUT[0m
2026-07-17T01:04:59.1556050Z [36;1mecho "components=$(for c in ${components//,/ }; do echo -n ' --component' $c; done)" >> $GITHUB_OUTPUT[0m
2026-07-17T01:04:59.1556499Z [36;1mecho "downgrade=" >> $GITHUB_OUTPUT[0m
2026-07-17T01:04:59.1607756Z shell: /usr/bin/bash --noprofile --norc -e -o pipefail {0}
2026-07-17T01:04:59.1608084Z env:
2026-07-17T01:04:59.1608391Z   CARGO_TERM_COLOR: always
2026-07-17T01:04:59.1608630Z   RUST_BACKTRACE: 1
2026-07-17T01:04:59.1608856Z   CACHE_VERSION: v1
2026-07-17T01:04:59.1609058Z   targets: 
2026-07-17T01:04:59.1609264Z   components: rustfmt, clippy
2026-07-17T01:04:59.1609500Z ##[endgroup]
2026-07-17T01:04:59.1710763Z ##[group]Run : set $CARGO_HOME
2026-07-17T01:04:59.1711040Z [36;1m: set $CARGO_HOME[0m
2026-07-17T01:04:59.1711346Z [36;1mecho CARGO_HOME=${CARGO_HOME:-"$HOME/.cargo"} >> $GITHUB_ENV[0m
2026-07-17T01:04:59.1764136Z shell: /usr/bin/bash --noprofile --norc -e -o pipefail {0}
2026-07-17T01:04:59.1764469Z env:
2026-07-17T01:04:59.1764679Z   CARGO_TERM_COLOR: always
2026-07-17T01:04:59.1764914Z   RUST_BACKTRACE: 1
2026-07-17T01:04:59.1765289Z   CACHE_VERSION: v1
2026-07-17T01:04:59.1765492Z ##[endgroup]
2026-07-17T01:04:59.1864069Z ##[group]Run : install rustup if needed
2026-07-17T01:04:59.1864372Z [36;1m: install rustup if needed[0m
2026-07-17T01:04:59.1864655Z [36;1mif ! command -v rustup &>/dev/null; then[0m
2026-07-17T01:04:59.1865314Z [36;1m  curl --proto '=https' --tlsv1.2 --retry 10 --retry-connrefused --location --silent --show-error --fail https://sh.rustup.rs | sh -s -- --default-toolchain none -y[0m
2026-07-17T01:04:59.1865925Z [36;1m  echo "$CARGO_HOME/bin" >> $GITHUB_PATH[0m
2026-07-17T01:04:59.1866194Z [36;1mfi[0m
2026-07-17T01:04:59.1917319Z shell: /usr/bin/bash --noprofile --norc -e -o pipefail {0}
2026-07-17T01:04:59.1917642Z env:
2026-07-17T01:04:59.1917850Z   CARGO_TERM_COLOR: always
2026-07-17T01:04:59.1918088Z   RUST_BACKTRACE: 1
2026-07-17T01:04:59.1918546Z   CACHE_VERSION: v1
2026-07-17T01:04:59.1918772Z   CARGO_HOME: /home/runner/.cargo
2026-07-17T01:04:59.1919014Z ##[endgroup]
2026-07-17T01:04:59.2017367Z ##[group]Run rustup toolchain install stable --component rustfmt --component clippy --profile minimal --no-self-update
2026-07-17T01:04:59.2018063Z [36;1mrustup toolchain install stable --component rustfmt --component clippy --profile minimal --no-self-update[0m
2026-07-17T01:04:59.2071430Z shell: /usr/bin/bash --noprofile --norc -e -o pipefail {0}
2026-07-17T01:04:59.2071755Z env:
2026-07-17T01:04:59.2071968Z   CARGO_TERM_COLOR: always
2026-07-17T01:04:59.2072201Z   RUST_BACKTRACE: 1
2026-07-17T01:04:59.2072409Z   CACHE_VERSION: v1
2026-07-17T01:04:59.2072630Z   CARGO_HOME: /home/runner/.cargo
2026-07-17T01:04:59.2072889Z   RUSTUP_PERMIT_COPY_RENAME: 1
2026-07-17T01:04:59.2073128Z ##[endgroup]
2026-07-17T01:05:00.5198656Z info: syncing channel updates for stable-x86_64-unknown-linux-gnu
2026-07-17T01:05:00.6874996Z info: latest update on 2026-07-16 for version 1.97.1 (8bab26f4f 2026-07-14)
2026-07-17T01:05:00.6985374Z info: removing previous version of component clippy
2026-07-17T01:05:00.7002447Z info: removing previous version of component rustfmt
2026-07-17T01:05:00.7030023Z info: removing previous version of component cargo
2026-07-17T01:05:00.7073793Z info: removing previous version of component rust-std
2026-07-17T01:05:00.7114525Z info: removing previous version of component rustc
2026-07-17T01:05:00.7161385Z info: downloading 5 components
2026-07-17T01:05:08.6890351Z 
2026-07-17T01:05:08.6961220Z   stable-x86_64-unknown-linux-gnu updated - rustc 1.97.1 (8bab26f4f 2026-07-14) (from rustc 1.97.0 (2d8144b78 2026-07-07))
2026-07-17T01:05:08.6962179Z 
2026-07-17T01:05:08.7030363Z ##[group]Run rustup default stable
2026-07-17T01:05:08.7030619Z [36;1mrustup default stable[0m
2026-07-17T01:05:08.7082089Z shell: /usr/bin/bash --noprofile --norc -e -o pipefail {0}
2026-07-17T01:05:08.7082357Z env:
2026-07-17T01:05:08.7082519Z   CARGO_TERM_COLOR: always
2026-07-17T01:05:08.7082704Z   RUST_BACKTRACE: 1
2026-07-17T01:05:08.7082865Z   CACHE_VERSION: v1
2026-07-17T01:05:08.7083034Z   CARGO_HOME: /home/runner/.cargo
2026-07-17T01:05:08.7083246Z ##[endgroup]
2026-07-17T01:05:08.7192920Z info: using existing install for stable-x86_64-unknown-linux-gnu
2026-07-17T01:05:08.7200225Z 
2026-07-17T01:05:08.7202456Z info: default toolchain set to stable-x86_64-unknown-linux-gnu
2026-07-17T01:05:08.7262867Z   stable-x86_64-unknown-linux-gnu unchanged - rustc 1.97.1 (8bab26f4f 2026-07-14)
2026-07-17T01:05:08.7264043Z info: note that the toolchain 'stable-x86_64-unknown-linux-gnu' is currently in use (overridden by '/home/runner/work/PrismaRev/PrismaRev/rust-toolchain.toml')
2026-07-17T01:05:08.7264728Z 
2026-07-17T01:05:08.7293340Z ##[group]Run : create cachekey
2026-07-17T01:05:08.7293588Z [36;1m: create cachekey[0m
2026-07-17T01:05:08.7293994Z [36;1mDATE=$(rustc +stable --version --verbose | sed -ne 's/^commit-date: \(20[0-9][0-9]\)-\([01][0-9]\)-\([0-3][0-9]\)$/\1\2\3/p')[0m
2026-07-17T01:05:08.7294497Z [36;1mHASH=$(rustc +stable --version --verbose | sed -ne 's/^commit-hash: //p')[0m
2026-07-17T01:05:08.7295014Z [36;1mecho "cachekey=$(echo $DATE$HASH | head -c12)" >> $GITHUB_OUTPUT[0m
2026-07-17T01:05:08.7346262Z shell: /usr/bin/bash --noprofile --norc -e -o pipefail {0}
2026-07-17T01:05:08.7346539Z env:
2026-07-17T01:05:08.7346699Z   CARGO_TERM_COLOR: always
2026-07-17T01:05:08.7346882Z   RUST_BACKTRACE: 1
2026-07-17T01:05:08.7347049Z   CACHE_VERSION: v1
2026-07-17T01:05:08.7347219Z   CARGO_HOME: /home/runner/.cargo
2026-07-17T01:05:08.7347415Z ##[endgroup]
2026-07-17T01:05:08.7672661Z ##[group]Run : disable incremental compilation
2026-07-17T01:05:08.7672967Z [36;1m: disable incremental compilation[0m
2026-07-17T01:05:08.7673226Z [36;1mif [ -z "${CARGO_INCREMENTAL+set}" ]; then[0m
2026-07-17T01:05:08.7673486Z [36;1m  echo CARGO_INCREMENTAL=0 >> $GITHUB_ENV[0m
2026-07-17T01:05:08.7673705Z [36;1mfi[0m
2026-07-17T01:05:08.7725238Z shell: /usr/bin/bash --noprofile --norc -e -o pipefail {0}
2026-07-17T01:05:08.7725513Z env:
2026-07-17T01:05:08.7725676Z   CARGO_TERM_COLOR: always
2026-07-17T01:05:08.7725879Z   RUST_BACKTRACE: 1
2026-07-17T01:05:08.7726045Z   CACHE_VERSION: v1
2026-07-17T01:05:08.7726223Z   CARGO_HOME: /home/runner/.cargo
2026-07-17T01:05:08.7726435Z ##[endgroup]
2026-07-17T01:05:08.7806770Z ##[group]Run : enable colors in Cargo output
2026-07-17T01:05:08.7807031Z [36;1m: enable colors in Cargo output[0m
2026-07-17T01:05:08.7807276Z [36;1mif [ -z "${CARGO_TERM_COLOR+set}" ]; then[0m
2026-07-17T01:05:08.7807540Z [36;1m  echo CARGO_TERM_COLOR=always >> $GITHUB_ENV[0m
2026-07-17T01:05:08.7807767Z [36;1mfi[0m
2026-07-17T01:05:08.7853420Z shell: /usr/bin/bash --noprofile --norc -e -o pipefail {0}
2026-07-17T01:05:08.7853692Z env:
2026-07-17T01:05:08.7853857Z   CARGO_TERM_COLOR: always
2026-07-17T01:05:08.7854044Z   RUST_BACKTRACE: 1
2026-07-17T01:05:08.7854205Z   CACHE_VERSION: v1
2026-07-17T01:05:08.7854370Z   CARGO_HOME: /home/runner/.cargo
2026-07-17T01:05:08.7854567Z   CARGO_INCREMENTAL: 0
2026-07-17T01:05:08.7854734Z ##[endgroup]
2026-07-17T01:05:08.7950934Z ##[group]Run : enable Cargo sparse registry
2026-07-17T01:05:08.7951218Z [36;1m: enable Cargo sparse registry[0m
2026-07-17T01:05:08.7951508Z [36;1m# implemented in 1.66, stabilized in 1.68, made default in 1.70[0m
2026-07-17T01:05:08.7952060Z [36;1mif [ -z "${CARGO_REGISTRIES_CRATES_IO_PROTOCOL+set}" -o -f "/home/runner/work/_temp"/.implicit_cargo_registries_crates_io_protocol ]; then[0m
2026-07-17T01:05:08.7952642Z [36;1m  if rustc +stable --version --verbose | grep -q '^release: 1\.6[89]\.'; then[0m
2026-07-17T01:05:08.7953091Z [36;1m    touch "/home/runner/work/_temp"/.implicit_cargo_registries_crates_io_protocol || true[0m
2026-07-17T01:05:08.7953502Z [36;1m    echo CARGO_REGISTRIES_CRATES_IO_PROTOCOL=sparse >> $GITHUB_ENV[0m
2026-07-17T01:05:08.7953882Z [36;1m  elif rustc +stable --version --verbose | grep -q '^release: 1\.6[67]\.'; then[0m
2026-07-17T01:05:08.7954310Z [36;1m    touch "/home/runner/work/_temp"/.implicit_cargo_registries_crates_io_protocol || true[0m
2026-07-17T01:05:08.7954695Z [36;1m    echo CARGO_REGISTRIES_CRATES_IO_PROTOCOL=git >> $GITHUB_ENV[0m
2026-07-17T01:05:08.7954965Z [36;1m  fi[0m
2026-07-17T01:05:08.7955125Z [36;1mfi[0m
2026-07-17T01:05:08.7999608Z shell: /usr/bin/bash --noprofile --norc -e -o pipefail {0}
2026-07-17T01:05:08.7999880Z env:
2026-07-17T01:05:08.8000072Z   CARGO_TERM_COLOR: always
2026-07-17T01:05:08.8000343Z   RUST_BACKTRACE: 1
2026-07-17T01:05:08.8000505Z   CACHE_VERSION: v1
2026-07-17T01:05:08.8000669Z   CARGO_HOME: /home/runner/.cargo
2026-07-17T01:05:08.8000865Z   CARGO_INCREMENTAL: 0
2026-07-17T01:05:08.8001033Z ##[endgroup]
2026-07-17T01:05:08.8312125Z ##[group]Run : work around spurious network errors in curl 8.0
2026-07-17T01:05:08.8312510Z [36;1m: work around spurious network errors in curl 8.0[0m
2026-07-17T01:05:08.8312976Z [36;1m# https://rust-lang.zulipchat.com/#narrow/stream/246057-t-cargo/topic/timeout.20investigation[0m
2026-07-17T01:05:08.8313477Z [36;1mif rustc +stable --version --verbose | grep -q '^release: 1\.7[01]\.'; then[0m
2026-07-17T01:05:08.8314011Z [36;1m  echo CARGO_HTTP_MULTIPLEXING=false >> $GITHUB_ENV[0m
2026-07-17T01:05:08.8314255Z [36;1mfi[0m
2026-07-17T01:05:08.8366496Z shell: /usr/bin/bash --noprofile --norc -e -o pipefail {0}
2026-07-17T01:05:08.8366781Z env:
2026-07-17T01:05:08.8366949Z   CARGO_TERM_COLOR: always
2026-07-17T01:05:08.8367145Z   RUST_BACKTRACE: 1
2026-07-17T01:05:08.8367309Z   CACHE_VERSION: v1
2026-07-17T01:05:08.8367480Z   CARGO_HOME: /home/runner/.cargo
2026-07-17T01:05:08.8367678Z   CARGO_INCREMENTAL: 0
2026-07-17T01:05:08.8367845Z ##[endgroup]
2026-07-17T01:05:08.8562370Z ##[group]Run rustc +stable --version --verbose
2026-07-17T01:05:08.8562669Z [36;1mrustc +stable --version --verbose[0m
2026-07-17T01:05:08.8611276Z shell: /usr/bin/bash --noprofile --norc -e -o pipefail {0}
2026-07-17T01:05:08.8611557Z env:
2026-07-17T01:05:08.8611718Z   CARGO_TERM_COLOR: always
2026-07-17T01:05:08.8611900Z   RUST_BACKTRACE: 1
2026-07-17T01:05:08.8612064Z   CACHE_VERSION: v1
2026-07-17T01:05:08.8612230Z   CARGO_HOME: /home/runner/.cargo
2026-07-17T01:05:08.8612439Z   CARGO_INCREMENTAL: 0
2026-07-17T01:05:08.8612608Z ##[endgroup]
2026-07-17T01:05:08.8774022Z rustc 1.97.1 (8bab26f4f 2026-07-14)
2026-07-17T01:05:08.8774605Z binary: rustc
2026-07-17T01:05:08.8774960Z commit-hash: 8bab26f4f68e0e26f0bb7960be334d5b520ea452
2026-07-17T01:05:08.8775360Z commit-date: 2026-07-14
2026-07-17T01:05:08.8775644Z host: x86_64-unknown-linux-gnu
2026-07-17T01:05:08.8775934Z release: 1.97.1
2026-07-17T01:05:08.8776175Z LLVM version: 22.1.6
2026-07-17T01:05:08.8877735Z ##[group]Run Swatinem/rust-cache@v2
2026-07-17T01:05:08.8877958Z with:
2026-07-17T01:05:08.8878281Z   key: v1-lint
2026-07-17T01:05:08.8878476Z   prefix-key: v0-rust
2026-07-17T01:05:08.8878652Z   add-job-id-key: true
2026-07-17T01:05:08.8878841Z   add-rust-environment-hash-key: true
2026-07-17T01:05:08.8879054Z   cache-targets: true
2026-07-17T01:05:08.8879227Z   cache-all-crates: false
2026-07-17T01:05:08.8879425Z   cache-workspace-crates: false
2026-07-17T01:05:08.8879624Z   save-if: true
2026-07-17T01:05:08.8879795Z   cache-provider: github
2026-07-17T01:05:08.8879973Z   cache-bin: true
2026-07-17T01:05:08.8880133Z   lookup-only: false
2026-07-17T01:05:08.8880290Z   cmd-format: {0}
2026-07-17T01:05:08.8880451Z env:
2026-07-17T01:05:08.8880604Z   CARGO_TERM_COLOR: always
2026-07-17T01:05:08.8880782Z   RUST_BACKTRACE: 1
2026-07-17T01:05:08.8880942Z   CACHE_VERSION: v1
2026-07-17T01:05:08.8881112Z   CARGO_HOME: /home/runner/.cargo
2026-07-17T01:05:08.8881355Z   CARGO_INCREMENTAL: 0
2026-07-17T01:05:08.8881528Z ##[endgroup]
2026-07-17T01:05:09.1276698Z (node:2050) [DEP0040] DeprecationWarning: The `punycode` module is deprecated. Please use a userland alternative instead.
2026-07-17T01:05:09.1277863Z (Use `node --trace-deprecation ...` to show where the warning was created)
2026-07-17T01:05:11.7679318Z ##[group]Cache Configuration
2026-07-17T01:05:11.7699050Z Cache Provider:
2026-07-17T01:05:11.7699736Z     github
2026-07-17T01:05:11.7701625Z Workspaces:
2026-07-17T01:05:11.7702158Z     /home/runner/work/PrismaRev/PrismaRev
2026-07-17T01:05:11.7702900Z Cache Paths:
2026-07-17T01:05:11.7703314Z     /home/runner/.cargo/bin
2026-07-17T01:05:11.7703771Z     /home/runner/.cargo/.crates.toml
2026-07-17T01:05:11.7704259Z     /home/runner/.cargo/.crates2.json
2026-07-17T01:05:11.7704745Z     /home/runner/.cargo/registry
2026-07-17T01:05:11.7705208Z     /home/runner/.cargo/git
2026-07-17T01:05:11.7705706Z     /home/runner/work/PrismaRev/PrismaRev/target
2026-07-17T01:05:11.7706238Z Restore Key:
2026-07-17T01:05:11.7706670Z     v0-rust-v1-lint-lint-Linux-x64-355fc07c
2026-07-17T01:05:11.7707171Z Cache Key:
2026-07-17T01:05:11.7707627Z     v0-rust-v1-lint-lint-Linux-x64-355fc07c-77d05219
2026-07-17T01:05:11.7708328Z .. Prefix:
2026-07-17T01:05:11.7708754Z   - v0-rust-v1-lint-lint-Linux-x64
2026-07-17T01:05:11.7709255Z .. Environment considered:
2026-07-17T01:05:11.7709701Z   - Rust Versions:
2026-07-17T01:05:11.7710272Z     - 1.97.1 x86_64-unknown-linux-gnu 8bab26f4f68e0e26f0bb7960be334d5b520ea452
2026-07-17T01:05:11.7711475Z     - 1.97.1 x86_64-unknown-linux-gnu 8bab26f4f68e0e26f0bb7960be334d5b520ea452
2026-07-17T01:05:11.7712119Z   - CARGO_HOME
2026-07-17T01:05:11.7712528Z   - CARGO_INCREMENTAL
2026-07-17T01:05:11.7712953Z   - CARGO_TERM_COLOR
2026-07-17T01:05:11.7713372Z   - RUST_BACKTRACE
2026-07-17T01:05:11.7713788Z .. Lockfiles considered:
2026-07-17T01:05:11.7714294Z   - /home/runner/work/PrismaRev/PrismaRev/Cargo.lock
2026-07-17T01:05:11.7714920Z   - /home/runner/work/PrismaRev/PrismaRev/Cargo.toml
2026-07-17T01:05:11.7715626Z   - /home/runner/work/PrismaRev/PrismaRev/crates/prism-android/Cargo.toml
2026-07-17T01:05:11.7716406Z   - /home/runner/work/PrismaRev/PrismaRev/crates/prism-ecs/Cargo.toml
2026-07-17T01:05:11.7717161Z   - /home/runner/work/PrismaRev/PrismaRev/crates/prism-engine/Cargo.toml
2026-07-17T01:05:11.7717933Z   - /home/runner/work/PrismaRev/PrismaRev/crates/prism-render/Cargo.toml
2026-07-17T01:05:11.7721193Z   - /home/runner/work/PrismaRev/PrismaRev/rust-toolchain.toml
2026-07-17T01:05:11.7724887Z ##[endgroup]
2026-07-17T01:05:11.7727475Z 
2026-07-17T01:05:11.7727795Z ... Restoring cache ...
2026-07-17T01:05:11.9708369Z Cache hit for restore-key: v0-rust-v1-lint-lint-Linux-x64-355fc07c-2e210d3f
2026-07-17T01:05:13.2109345Z Received 12582912 of 112829018 (11.2%), 12.0 MBs/sec
2026-07-17T01:05:13.8719348Z Received 112829018 of 112829018 (100.0%), 64.7 MBs/sec
2026-07-17T01:05:13.8728869Z Cache Size: ~108 MB (112829018 B)
2026-07-17T01:05:13.8795225Z [command]/usr/bin/tar -xf /home/runner/work/_temp/0fbeb5b3-3639-4f06-b4c2-15e460811dd1/cache.tzst -P -C /home/runner/work/PrismaRev/PrismaRev --use-compress-program unzstd
2026-07-17T01:05:14.8919700Z Cache restored successfully
2026-07-17T01:05:14.8966951Z Restored from cache key "v0-rust-v1-lint-lint-Linux-x64-355fc07c-2e210d3f" full match: false.
2026-07-17T01:05:14.9125697Z ##[group]Run cargo fmt --all -- --check
2026-07-17T01:05:14.9125990Z [36;1mcargo fmt --all -- --check[0m
2026-07-17T01:05:14.9178789Z shell: /usr/bin/bash -e {0}
2026-07-17T01:05:14.9179013Z env:
2026-07-17T01:05:14.9179180Z   CARGO_TERM_COLOR: always
2026-07-17T01:05:14.9179367Z   RUST_BACKTRACE: 1
2026-07-17T01:05:14.9179547Z   CACHE_VERSION: v1
2026-07-17T01:05:14.9179726Z   CARGO_HOME: /home/runner/.cargo
2026-07-17T01:05:14.9179927Z   CARGO_INCREMENTAL: 0
2026-07-17T01:05:14.9180106Z   CACHE_ON_FAILURE: false
2026-07-17T01:05:14.9180286Z ##[endgroup]
2026-07-17T01:05:15.2852258Z ##[group]Run cargo clippy -p prism-ecs -p prism-render -p prism-engine -p prismarev --all-targets -- -D warnings
2026-07-17T01:05:15.2852905Z [36;1mcargo clippy -p prism-ecs -p prism-render -p prism-engine -p prismarev --all-targets -- -D warnings[0m
2026-07-17T01:05:15.2903840Z shell: /usr/bin/bash -e {0}
2026-07-17T01:05:15.2904049Z env:
2026-07-17T01:05:15.2904217Z   CARGO_TERM_COLOR: always
2026-07-17T01:05:15.2904413Z   RUST_BACKTRACE: 1
2026-07-17T01:05:15.2904581Z   CACHE_VERSION: v1
2026-07-17T01:05:15.2904753Z   CARGO_HOME: /home/runner/.cargo
2026-07-17T01:05:15.2904959Z   CARGO_INCREMENTAL: 0
2026-07-17T01:05:15.2905147Z   CACHE_ON_FAILURE: false
2026-07-17T01:05:15.2905326Z ##[endgroup]
2026-07-17T01:05:15.4407951Z [1m[92m    Updating[0m crates.io index
2026-07-17T01:05:17.6706891Z [1m[92m    Checking[0m prism-render v0.1.0 (/home/runner/work/PrismaRev/PrismaRev/crates/prism-render)
2026-07-17T01:05:17.6736090Z [1m[92m    Checking[0m prism-ecs v0.1.0 (/home/runner/work/PrismaRev/PrismaRev/crates/prism-ecs)
2026-07-17T01:05:18.2379857Z [1m[92m    Checking[0m prism-engine v0.1.0 (/home/runner/work/PrismaRev/PrismaRev/crates/prism-engine)
2026-07-17T01:05:18.6367626Z [1m[91merror[E0432][0m[1m: unresolved import `prism_render::Renderer`[0m
2026-07-17T01:05:18.6379355Z   [1m[94m--> [0mcrates/prism-engine/src/app.rs:21:73
2026-07-17T01:05:18.6399188Z    [1m[94m|[0m
2026-07-17T01:05:18.6419880Z [1m[94m21[0m [1m[94m|[0m use prism_render::{DebugMode, FrameUBOData, NormalSpace, OverlayAction, Renderer, Vertex};
2026-07-17T01:05:18.6439475Z    [1m[94m|[0m                                                                         [1m[91m^^^^^^^^[0m [1m[91mno `Renderer` in the root[0m
2026-07-17T01:05:18.6458384Z 
2026-07-17T01:05:18.6468958Z [1m[91merror[E0432][0m[1m: unresolved import `prism_render::Renderer`[0m
2026-07-17T01:05:18.6478792Z   [1m[94m--> [0mcrates/prism-engine/src/render_system.rs:15:40
2026-07-17T01:05:18.6498633Z    [1m[94m|[0m
2026-07-17T01:05:18.6519029Z [1m[94m15[0m [1m[94m|[0m use prism_render::{FrameUBOData, Mesh, Renderer};
2026-07-17T01:05:18.6529064Z    [1m[94m|[0m                                        [1m[91m^^^^^^^^[0m [1m[91mno `Renderer` in the root[0m
2026-07-17T01:05:18.6538469Z 
2026-07-17T01:05:18.8515400Z [1mFor more information about this error, try `rustc --explain E0432`.[0m
2026-07-17T01:05:18.8570244Z [1m[91merror[0m: could not compile `prism-engine` (lib) due to 2 previous errors
2026-07-17T01:05:18.8583846Z [1m[33mwarning[0m: build failed, waiting for other jobs to finish...
2026-07-17T01:05:19.0106439Z [1m[91merror[0m: could not compile `prism-engine` (lib test) due to 2 previous errors
2026-07-17T01:05:19.0337623Z ##[error]Process completed with exit code 101.
2026-07-17T01:05:19.0485202Z Node 20 is being deprecated. This workflow is running with Node 24 by default. If you need to temporarily use Node 20, you can set the ACTIONS_ALLOW_USE_UNSECURE_NODE_VERSION=true environment variable. For more information see: https://github.blog/changelog/2025-09-19-deprecation-of-node-20-on-github-actions-runners/
2026-07-17T01:05:19.0486179Z Post job cleanup.
2026-07-17T01:05:19.1249035Z [command]/usr/bin/git version
2026-07-17T01:05:19.1298481Z git version 2.54.0
2026-07-17T01:05:19.1341498Z Temporarily overriding HOME='/home/runner/work/_temp/6aab7725-1ff4-4fdb-8212-7a3e36f1e16c' before making global git config changes
2026-07-17T01:05:19.1351375Z Adding repository directory to the temporary git global config as a safe directory
2026-07-17T01:05:19.1354674Z [command]/usr/bin/git config --global --add safe.directory /home/runner/work/PrismaRev/PrismaRev
2026-07-17T01:05:19.2085815Z [command]/usr/bin/git config --local --name-only --get-regexp core\.sshCommand
2026-07-17T01:05:19.2114373Z [command]/usr/bin/git submodule foreach --recursive sh -c "git config --local --name-only --get-regexp 'core\.sshCommand' && git config --local --unset-all 'core.sshCommand' || :"
2026-07-17T01:05:19.2345504Z [command]/usr/bin/git config --local --name-only --get-regexp http\.https\:\/\/github\.com\/\.extraheader
2026-07-17T01:05:19.2372394Z http.https://github.com/.extraheader
2026-07-17T01:05:19.2381573Z [command]/usr/bin/git config --local --unset-all http.https://github.com/.extraheader
2026-07-17T01:05:19.3953291Z [command]/usr/bin/git submodule foreach --recursive sh -c "git config --local --name-only --get-regexp 'http\.https\:\/\/github\.com\/\.extraheader' && git config --local --unset-all 'http.https://github.com/.extraheader' || :"
2026-07-17T01:05:19.4173836Z [command]/usr/bin/git config --local --name-only --get-regexp ^includeIf\.gitdir:
2026-07-17T01:05:19.4209008Z [command]/usr/bin/git submodule foreach --recursive git config --local --show-origin --name-only --get-regexp remote.origin.url
2026-07-17T01:05:19.4617650Z Cleaning up orphan processes
2026-07-17T01:05:19.4827301Z ##[warning]Node.js 20 is deprecated. The following actions target Node.js 20 but are being forced to run on Node.js 24: actions/checkout@v4. For more information see: https://github.blog/changelog/2025-09-19-deprecation-of-node-20-on-github-actions-runners/
